w7f45 4c46 0201 0100 0000 0000 0000 0000
0300 3e00 0100 0000 c010 0000 0000 0000
4000 0000 0000 0000 3838 0000 0000 0000
0000 0000 4000 3800 0d00 4000 1f00 1e00
0600 0000 0400 0000 4000 0000 0000 0000
4000 0000 0000 0000 4000 0000 0000 0000
d802 0000 0000 0000 d802 0000 0000 0000
0800 0000 0000 0000 0300 0000 0400 0000
1803 0000 0000 0000 1803 0000 0000 0000
1803 0000 0000 0000 1c00 0000 0000 0000
1c00 0000 0000 0000 0100 0000 0000 0000
0100 0000 0400 0000 0000 0000 0000 0000
0000 0000 0000 0000 0000 0000 0000 0000
f006 0000 0000 0000 f006 0000 0000 0000
0010 0000 0000 0000 0100 0000 0500 0000
0010 0000 0000 0000 0010 0000 0000 0000
0010 0000 0000 0000 0d04 0000 0000 0000
0d04 0000 0000 0000 0010 0000 0000 0000
0100 0000 0400 0000 0020 0000 0000 0000
0020 0000 0000 0000 0020 0000 0000 0000
5c02 0000 0000 0000 5c02 0000 0000 0000
0010 0000 0000 0000 0100 0000 0600 0000
a02d 0000 0000 0000 a03d 0000 0000 0000
a03d 0000 0000 0000 7002 0000 0000 0000
8802 0000 0000 0000 0010 0000 0000 0000
0200 0000 0600 0000 b02d 0000 0000 0000
b03d 0000 0000 0000 b03d 0000 0000 0000
f001 0000 0000 0000 f001 0000 0000 0000
0800 0000 0000 0000 0400 0000 0400 0000
3803 0000 0000 0000 3803 0000 0000 0000
3803 0000 0000 0000 3000 0000 0000 0000
3000 0000 0000 0000 0800 0000 0000 0000
0400 0000 0400 0000 6803 0000 0000 0000
6803 0000 0000 0000 6803 0000 0000 0000
4400 0000 0000 0000 4400 0000 0000 0000
0400 0000 0000 0000 53e5 7464 0400 0000
3803 0000 0000 0000 3803 0000 0000 0000
3803 0000 0000 0000 3000 0000 0000 0000
3000 0000 0000 0000 0800 0000 0000 0000
50e5 7464 0400 0000 8820 0000 0000 0000
8820 0000 0000 0000 8820 0000 0000 0000
6400 0000 0000 0000 6400 0000 0000 0000
0400 0000 0000 0000 51e5 7464 0600 0000
0000 0000 0000 0000 0000 0000 0000 0000
0000 0000 0000 0000 0000 0000 0000 0000
0000 0000 0000 0000 1000 0000 0000 0000
52e5 7464 0400 0000 a02d 0000 0000 0000
a03d 0000 0000 0000 a03d 0000 0000 0000
6002 0000 0000 0000 6002 0000 0000 0000
0100 0000 0000 0000 2f6c 6962 3634 2f6c
642d 6c69 6e75 782d 7838 362d 3634 2e73
6f2e 3200 0000 0000 0400 0000 2000 0000
0500 0000 474e 5500 0200 00c0 0400 0000
0300 0000 0000 0000 0280 00c0 0400 0000
0100 0000 0000 0000 0400 0000 1400 0000
0300 0000 474e 5500 cf0d 7f5d d4bc e817
b941 0d7f e596 7a4d 6219 d993 0400 0000
1000 0000 0100 0000 474e 5500 0000 0000
0300 0000 0200 0000 0000 0000 0000 0000
0200 0000 0900 0000 0100 0000 0600 0000
0000 8100 0000 0000 0900 0000 0000 0000
d165 ce6d 0000 0000 0000 0000 0000 0000
0000 0000 0000 0000 0000 0000 0000 0000
1700 0000 1200 0000 0000 0000 0000 0000
0000 0000 0000 0000 6f00 0000 2000 0000
0000 0000 0000 0000 0000 0000 0000 0000
2900 0000 1200 0000 0000 0000 0000 0000
0000 0000 0000 0000 3d00 0000 1200 0000
0000 0000 0000 0000 0000 0000 0000 0000
8b00 0000 2000 0000 0000 0000 0000 0000
0000 0000 0000 0000 1000 0000 1200 0000
0000 0000 0000 0000 0000 0000 0000 0000
2e00 0000 1200 0000 0000 0000 0000 0000
0000 0000 0000 0000 9a00 0000 2000 0000
0000 0000 0000 0000 0000 0000 0000 0000
0100 0000 2200 0000 0000 0000 0000 0000
0000 0000 0000 0000 005f 5f63 7861 5f66
696e 616c 697a 6500 6d61 6c6c 6f63 005f
5f6c 6962 635f 7374 6172 745f 6d61 696e
0070 7574 7300 5f5f 6973 6f63 3939 5f73
6361 6e66 0070 7269 6e74 6600 6c69 6263
2e73 6f2e 3600 474c 4942 435f 322e 3700
474c 4942 435f 322e 322e 3500 474c 4942
435f 322e 3334 005f 4954 4d5f 6465 7265
6769 7374 6572 544d 436c 6f6e 6554 6162
6c65 005f 5f67 6d6f 6e5f 7374 6172 745f
5f00 5f49 544d 5f72 6567 6973 7465 7254
4d43 6c6f 6e65 5461 626c 6500 0000 0200
0100 0300 0300 0100 0300 0400 0100 0300
0100 0300 4400 0000 1000 0000 0000 0000
1769 690d 0000 0400 4e00 0000 1000 0000
751a 6909 0000 0300 5800 0000 1000 0000
b491 9606 0000 0200 6400 0000 0000 0000
a03d 0000 0000 0000 0800 0000 0000 0000
a011 0000 0000 0000 a83d 0000 0000 0000
0800 0000 0000 0000 6011 0000 0000 0000
0840 0000 0000 0000 0800 0000 0000 0000
0840 0000 0000 0000 d83f 0000 0000 0000
0600 0000 0100 0000 0000 0000 0000 0000
e03f 0000 0000 0000 0600 0000 0200 0000
0000 0000 0000 0000 e83f 0000 0000 0000
0600 0000 0500 0000 0000 0000 0000 0000
f03f 0000 0000 0000 0600 0000 0800 0000
0000 0000 0000 0000 f83f 0000 0000 0000
0600 0000 0900 0000 0000 0000 0000 0000
b83f 0000 0000 0000 0700 0000 0300 0000
0000 0000 0000 0000 c03f 0000 0000 0000
0700 0000 0400 0000 0000 0000 0000 0000
c83f 0000 0000 0000 0700 0000 0600 0000
0000 0000 0000 0000 d03f 0000 0000 0000
0700 0000 0700 0000 0000 0000 0000 0000
0000 0000 0000 0000 0000 0000 0000 0000
0000 0000 0000 0000 0000 0000 0000 0000
0000 0000 0000 0000 0000 0000 0000 0000
0000 0000 0000 0000 0000 0000 0000 0000
0000 0000 0000 0000 0000 0000 0000 0000
0000 0000 0000 0000 0000 0000 0000 0000
0000 0000 0000 0000 0000 0000 0000 0000
0000 0000 0000 0000 0000 0000 0000 0000
0000 0000 0000 0000 0000 0000 0000 0000
0000 0000 0000 0000 0000 0000 0000 0000
0000 0000 0000 0000 0000 0000 0000 0000
0000 0000 0000 0000 0000 0000 0000 0000
0000 0000 0000 0000 0000 0000 0000 0000
0000 0000 0000 0000 0000 0000 0000 0000
0000 0000 0000 0000 0000 0000 0000 0000
0000 0000 0000 0000 0000 0000 0000 0000
0000 0000 0000 0000 0000 0000 0000 0000
0000 0000 0000 0000 0000 0000 0000 0000
0000 0000 0000 0000 0000 0000 0000 0000
0000 0000 0000 0000 0000 0000 0000 0000
0000 0000 0000 0000 0000 0000 0000 0000
0000 0000 0000 0000 0000 0000 0000 0000
0000 0000 0000 0000 0000 0000 0000 0000
0000 0000 0000 0000 0000 0000 0000 0000
0000 0000 0000 0000 0000 0000 0000 0000
0000 0000 0000 0000 0000 0000 0000 0000
0000 0000 0000 0000 0000 0000 0000 0000
0000 0000 0000 0000 0000 0000 0000 0000
0000 0000 0000 0000 0000 0000 0000 0000
0000 0000 0000 0000 0000 0000 0000 0000
0000 0000 0000 0000 0000 0000 0000 0000
0000 0000 0000 0000 0000 0000 0000 0000
0000 0000 0000 0000 0000 0000 0000 0000
0000 0000 0000 0000 0000 0000 0000 0000
0000 0000 0000 0000 0000 0000 0000 0000
0000 0000 0000 0000 0000 0000 0000 0000
0000 0000 0000 0000 0000 0000 0000 0000
0000 0000 0000 0000 0000 0000 0000 0000
0000 0000 0000 0000 0000 0000 0000 0000
0000 0000 0000 0000 0000 0000 0000 0000
0000 0000 0000 0000 0000 0000 0000 0000
0000 0000 0000 0000 0000 0000 0000 0000
0000 0000 0000 0000 0000 0000 0000 0000
0000 0000 0000 0000 0000 0000 0000 0000
0000 0000 0000 0000 0000 0000 0000 0000
0000 0000 0000 0000 0000 0000 0000 0000
0000 0000 0000 0000 0000 0000 0000 0000
0000 0000 0000 0000 0000 0000 0000 0000
0000 0000 0000 0000 0000 0000 0000 0000
0000 0000 0000 0000 0000 0000 0000 0000
0000 0000 0000 0000 0000 0000 0000 0000
0000 0000 0000 0000 0000 0000 0000 0000
0000 0000 0000 0000 0000 0000 0000 0000
0000 0000 0000 0000 0000 0000 0000 0000
0000 0000 0000 0000 0000 0000 0000 0000
0000 0000 0000 0000 0000 0000 0000 0000
0000 0000 0000 0000 0000 0000 0000 0000
0000 0000 0000 0000 0000 0000 0000 0000
0000 0000 0000 0000 0000 0000 0000 0000
0000 0000 0000 0000 0000 0000 0000 0000
0000 0000 0000 0000 0000 0000 0000 0000
0000 0000 0000 0000 0000 0000 0000 0000
0000 0000 0000 0000 0000 0000 0000 0000
0000 0000 0000 0000 0000 0000 0000 0000
0000 0000 0000 0000 0000 0000 0000 0000
0000 0000 0000 0000 0000 0000 0000 0000
0000 0000 0000 0000 0000 0000 0000 0000
0000 0000 0000 0000 0000 0000 0000 0000
0000 0000 0000 0000 0000 0000 0000 0000
0000 0000 0000 0000 0000 0000 0000 0000
0000 0000 0000 0000 0000 0000 0000 0000
0000 0000 0000 0000 0000 0000 0000 0000
0000 0000 0000 0000 0000 0000 0000 0000
0000 0000 0000 0000 0000 0000 0000 0000
0000 0000 0000 0000 0000 0000 0000 0000
0000 0000 0000 0000 0000 0000 0000 0000
0000 0000 0000 0000 0000 0000 0000 0000
0000 0000 0000 0000 0000 0000 0000 0000
0000 0000 0000 0000 0000 0000 0000 0000
0000 0000 0000 0000 0000 0000 0000 0000
0000 0000 0000 0000 0000 0000 0000 0000
0000 0000 0000 0000 0000 0000 0000 0000
0000 0000 0000 0000 0000 0000 0000 0000
0000 0000 0000 0000 0000 0000 0000 0000
0000 0000 0000 0000 0000 0000 0000 0000
0000 0000 0000 0000 0000 0000 0000 0000
0000 0000 0000 0000 0000 0000 0000 0000
0000 0000 0000 0000 0000 0000 0000 0000
0000 0000 0000 0000 0000 0000 0000 0000
0000 0000 0000 0000 0000 0000 0000 0000
0000 0000 0000 0000 0000 0000 0000 0000
0000 0000 0000 0000 0000 0000 0000 0000
0000 0000 0000 0000 0000 0000 0000 0000
0000 0000 0000 0000 0000 0000 0000 0000
0000 0000 0000 0000 0000 0000 0000 0000
0000 0000 0000 0000 0000 0000 0000 0000
0000 0000 0000 0000 0000 0000 0000 0000
0000 0000 0000 0000 0000 0000 0000 0000
0000 0000 0000 0000 0000 0000 0000 0000
0000 0000 0000 0000 0000 0000 0000 0000
0000 0000 0000 0000 0000 0000 0000 0000
0000 0000 0000 0000 0000 0000 0000 0000
0000 0000 0000 0000 0000 0000 0000 0000
0000 0000 0000 0000 0000 0000 0000 0000
0000 0000 0000 0000 0000 0000 0000 0000
0000 0000 0000 0000 0000 0000 0000 0000
0000 0000 0000 0000 0000 0000 0000 0000
0000 0000 0000 0000 0000 0000 0000 0000
0000 0000 0000 0000 0000 0000 0000 0000
0000 0000 0000 0000 0000 0000 0000 0000
0000 0000 0000 0000 0000 0000 0000 0000
0000 0000 0000 0000 0000 0000 0000 0000
0000 0000 0000 0000 0000 0000 0000 0000
0000 0000 0000 0000 0000 0000 0000 0000
0000 0000 0000 0000 0000 0000 0000 0000
0000 0000 0000 0000 0000 0000 0000 0000
0000 0000 0000 0000 0000 0000 0000 0000
0000 0000 0000 0000 0000 0000 0000 0000
0000 0000 0000 0000 0000 0000 0000 0000
0000 0000 0000 0000 0000 0000 0000 0000
0000 0000 0000 0000 0000 0000 0000 0000
0000 0000 0000 0000 0000 0000 0000 0000
0000 0000 0000 0000 0000 0000 0000 0000
0000 0000 0000 0000 0000 0000 0000 0000
0000 0000 0000 0000 0000 0000 0000 0000
0000 0000 0000 0000 0000 0000 0000 0000
0000 0000 0000 0000 0000 0000 0000 0000
0000 0000 0000 0000 0000 0000 0000 0000
0000 0000 0000 0000 0000 0000 0000 0000
0000 0000 0000 0000 0000 0000 0000 0000
0000 0000 0000 0000 0000 0000 0000 0000
0000 0000 0000 0000 0000 0000 0000 0000
0000 0000 0000 0000 0000 0000 0000 0000
0000 0000 0000 0000 0000 0000 0000 0000
0000 0000 0000 0000 0000 0000 0000 0000
0000 0000 0000 0000 0000 0000 0000 0000
0000 0000 0000 0000 0000 0000 0000 0000
0000 0000 0000 0000 0000 0000 0000 0000
0000 0000 0000 0000 0000 0000 0000 0000
0000 0000 0000 0000 0000 0000 0000 0000
0000 0000 0000 0000 0000 0000 0000 0000
0000 0000 0000 0000 0000 0000 0000 0000
0000 0000 0000 0000 0000 0000 0000 0000
0000 0000 0000 0000 0000 0000 0000 0000
0000 0000 0000 0000 0000 0000 0000 0000
f30f 1efa 4883 ec08 488b 05d9 2f00 0048
85c0 7402 ffd0 4883 c408 c300 0000 0000
ff35 822f 0000 f2ff 2583 2f00 000f 1f00
f30f 1efa 6800 0000 00f2 e9e1 ffff ff90
f30f 1efa 6801 0000 00f2 e9d1 ffff ff90
f30f 1efa 6802 0000 00f2 e9c1 ffff ff90
f30f 1efa 6803 0000 00f2 e9b1 ffff ff90
f30f 1efa f2ff 257d 2f00 000f 1f44 0000
f30f 1efa f2ff 252d 2f00 000f 1f44 0000
f30f 1efa f2ff 2525 2f00 000f 1f44 0000
f30f 1efa f2ff 251d 2f00 000f 1f44 0000
f30f 1efa f2ff 2515 2f00 000f 1f44 0000
f30f 1efa 31ed 4989 d15e 4889 e248 83e4
f050 5445 31c0 31c9 488d 3d73 0200 00ff
15f3 2e00 00f4 662e 0f1f 8400 0000 0000
488d 3d19 2f00 0048 8d05 122f 0000 4839
f874 1548 8b05 d62e 0000 4885 c074 09ff
e00f 1f80 0000 0000 c30f 1f80 0000 0000
488d 3de9 2e00 0048 8d35 e22e 0000 4829
fe48 89f0 48c1 ee3f 48c1 f803 4801 c648
d1fe 7414 488b 05a5 2e00 0048 85c0 7408
ffe0 660f 1f44 0000 c30f 1f80 0000 0000
f30f 1efa 803d a52e 0000 0075 2b55 4883
3d82 2e00 0000 4889 e574 0c48 8b3d 862e
0000 e8e9 feff ffe8 64ff ffff c605 7d2e
0000 015d c30f 1f00 c30f 1f80 0000 0000
f30f 1efa e977 ffff fff3 0f1e fa55 4889
e548 8b0d 602e 0000 8b05 662e 0000 8d50
0189 155d 2e00 0048 9848 01c8 0fb6 0088
054b 2e00 0090 5dc3 f30f 1efa 5548 89e5
0fb6 0539 2e00 003c 240f 94c0 5dc3 f30f
1efa 5548 89e5 b800 0000 00e8 3100 0000
84c0 7423 b800 0000 00e8 e400 0000 84c0
7415 b800 0000 00e8 0601 0000 84c0 7407
b801 0000 00eb 05b8 0000 0000 83e0 015d
c3f3 0f1e fa55 4889 e5b8 0000 0000 e895
ffff ff84 c074 0ab8 0000 0000 e99f 0000
000f b605 c82d 0000 3c28 7534 b800 0000
00e8 43ff ffff b800 0000 00e8 7eff ffff
84c0 7477 0fb6 05a5 2d00 003c 2975 6cb8
0000 0000 e820 ffff ffb8 0100 0000 eb60
0fb6 0589 2d00 003c 6175 34b8 0000 0000
e804 ffff ffb8 0000 0000 e83f ffff ff84
c074 380f b605 662d 0000 3c62 752d b800
0000 00e8 e1fe ffff b801 0000 00eb 210f
b605 4a2d 0000 3c64 7511 b800 0000 00e8
c5fe ffff b801 0000 00eb 05b8 0000 0000
5dc3 f30f 1efa 5548 89e5 0fb6 051f 2d00
003c 6175 16b8 0000 0000 e89a feff ffb8
0000 0000 e8d9 ffff ffeb 05b8 0100 0000
5dc3 f30f 1efa 5548 89e5 0fb6 05ef 2c00
003c 6375 16b8 0000 0000 e86a feff ffb8
0000 0000 e8d9 ffff ffeb 05b8 0100 0000
5dc3 f30f 1efa 5548 89e5 4883 ec10 bf64
0000 00e8 38fd ffff 4889 45f8 488d 0595
0c00 0048 89c7 b800 0000 00e8 10fd ffff
488b 45f8 4889 c648 8d05 930c 0000 4889
c7b8 0000 0000 e815 fdff ff48 8b45 f848
8905 722c 0000 c705 742c 0000 0000 0000
b800 0000 00e8 effd ffff b800 0000 00e8
2afe ffff 84c0 741f b800 0000 00e8 06fe
ffff 84c0 7411 488d 054b 0c00 0048 89c7
e89b fcff ffeb 0f48 8d05 6a0c 0000 4889
c7e8 8afc ffff b800 0000 00c9 c300 0000
f30f 1efa 4883 ec08 4883 c408 c300 0000
0000 0000 0000 0000 0000 0000 0000 0000
0000 0000 0000 0000 0000 0000 0000 0000
0000 0000 0000 0000 0000 0000 0000 0000
0000 0000 0000 0000 0000 0000 0000 0000
0000 0000 0000 0000 0000 0000 0000 0000
0000 0000 0000 0000 0000 0000 0000 0000
0000 0000 0000 0000 0000 0000 0000 0000
0000 0000 0000 0000 0000 0000 0000 0000
0000 0000 0000 0000 0000 0000 0000 0000
0000 0000 0000 0000 0000 0000 0000 0000
0000 0000 0000 0000 0000 0000 0000 0000
0000 0000 0000 0000 0000 0000 0000 0000
0000 0000 0000 0000 0000 0000 0000 0000
0000 0000 0000 0000 0000 0000 0000 0000
0000 0000 0000 0000 0000 0000 0000 0000
0000 0000 0000 0000 0000 0000 0000 0000
0000 0000 0000 0000 0000 0000 0000 0000
0000 0000 0000 0000 0000 0000 0000 0000
0000 0000 0000 0000 0000 0000 0000 0000
0000 0000 0000 0000 0000 0000 0000 0000
0000 0000 0000 0000 0000 0000 0000 0000
0000 0000 0000 0000 0000 0000 0000 0000
0000 0000 0000 0000 0000 0000 0000 0000
0000 0000 0000 0000 0000 0000 0000 0000
0000 0000 0000 0000 0000 0000 0000 0000
0000 0000 0000 0000 0000 0000 0000 0000
0000 0000 0000 0000 0000 0000 0000 0000
0000 0000 0000 0000 0000 0000 0000 0000
0000 0000 0000 0000 0000 0000 0000 0000
0000 0000 0000 0000 0000 0000 0000 0000
0000 0000 0000 0000 0000 0000 0000 0000
0000 0000 0000 0000 0000 0000 0000 0000
0000 0000 0000 0000 0000 0000 0000 0000
0000 0000 0000 0000 0000 0000 0000 0000
0000 0000 0000 0000 0000 0000 0000 0000
0000 0000 0000 0000 0000 0000 0000 0000
0000 0000 0000 0000 0000 0000 0000 0000
0000 0000 0000 0000 0000 0000 0000 0000
0000 0000 0000 0000 0000 0000 0000 0000
0000 0000 0000 0000 0000 0000 0000 0000
0000 0000 0000 0000 0000 0000 0000 0000
0000 0000 0000 0000 0000 0000 0000 0000
0000 0000 0000 0000 0000 0000 0000 0000
0000 0000 0000 0000 0000 0000 0000 0000
0000 0000 0000 0000 0000 0000 0000 0000
0000 0000 0000 0000 0000 0000 0000 0000
0000 0000 0000 0000 0000 0000 0000 0000
0000 0000 0000 0000 0000 0000 0000 0000
0000 0000 0000 0000 0000 0000 0000 0000
0000 0000 0000 0000 0000 0000 0000 0000
0000 0000 0000 0000 0000 0000 0000 0000
0000 0000 0000 0000 0000 0000 0000 0000
0000 0000 0000 0000 0000 0000 0000 0000
0000 0000 0000 0000 0000 0000 0000 0000
0000 0000 0000 0000 0000 0000 0000 0000
0000 0000 0000 0000 0000 0000 0000 0000
0000 0000 0000 0000 0000 0000 0000 0000
0000 0000 0000 0000 0000 0000 0000 0000
0000 0000 0000 0000 0000 0000 0000 0000
0000 0000 0000 0000 0000 0000 0000 0000
0000 0000 0000 0000 0000 0000 0000 0000
0000 0000 0000 0000 0000 0000 0000 0000
0000 0000 0000 0000 0000 0000 0000 0000
0000 0000 0000 0000 0000 0000 0000 0000
0000 0000 0000 0000 0000 0000 0000 0000
0000 0000 0000 0000 0000 0000 0000 0000
0000 0000 0000 0000 0000 0000 0000 0000
0000 0000 0000 0000 0000 0000 0000 0000
0000 0000 0000 0000 0000 0000 0000 0000
0000 0000 0000 0000 0000 0000 0000 0000
0000 0000 0000 0000 0000 0000 0000 0000
0000 0000 0000 0000 0000 0000 0000 0000
0000 0000 0000 0000 0000 0000 0000 0000
0000 0000 0000 0000 0000 0000 0000 0000
0000 0000 0000 0000 0000 0000 0000 0000
0000 0000 0000 0000 0000 0000 0000 0000
0000 0000 0000 0000 0000 0000 0000 0000
0000 0000 0000 0000 0000 0000 0000 0000
0000 0000 0000 0000 0000 0000 0000 0000
0000 0000 0000 0000 0000 0000 0000 0000
0000 0000 0000 0000 0000 0000 0000 0000
0000 0000 0000 0000 0000 0000 0000 0000
0000 0000 0000 0000 0000 0000 0000 0000
0000 0000 0000 0000 0000 0000 0000 0000
0000 0000 0000 0000 0000 0000 0000 0000
0000 0000 0000 0000 0000 0000 0000 0000
0000 0000 0000 0000 0000 0000 0000 0000
0000 0000 0000 0000 0000 0000 0000 0000
0000 0000 0000 0000 0000 0000 0000 0000
0000 0000 0000 0000 0000 0000 0000 0000
0000 0000 0000 0000 0000 0000 0000 0000
0000 0000 0000 0000 0000 0000 0000 0000
0000 0000 0000 0000 0000 0000 0000 0000
0000 0000 0000 0000 0000 0000 0000 0000
0000 0000 0000 0000 0000 0000 0000 0000
0000 0000 0000 0000 0000 0000 0000 0000
0000 0000 0000 0000 0000 0000 0000 0000
0000 0000 0000 0000 0000 0000 0000 0000
0000 0000 0000 0000 0000 0000 0000 0000
0000 0000 0000 0000 0000 0000 0000 0000
0000 0000 0000 0000 0000 0000 0000 0000
0000 0000 0000 0000 0000 0000 0000 0000
0000 0000 0000 0000 0000 0000 0000 0000
0000 0000 0000 0000 0000 0000 0000 0000
0000 0000 0000 0000 0000 0000 0000 0000
0000 0000 0000 0000 0000 0000 0000 0000
0000 0000 0000 0000 0000 0000 0000 0000
0000 0000 0000 0000 0000 0000 0000 0000
0000 0000 0000 0000 0000 0000 0000 0000
0000 0000 0000 0000 0000 0000 0000 0000
0000 0000 0000 0000 0000 0000 0000 0000
0000 0000 0000 0000 0000 0000 0000 0000
0000 0000 0000 0000 0000 0000 0000 0000
0000 0000 0000 0000 0000 0000 0000 0000
0000 0000 0000 0000 0000 0000 0000 0000
0000 0000 0000 0000 0000 0000 0000 0000
0000 0000 0000 0000 0000 0000 0000 0000
0000 0000 0000 0000 0000 0000 0000 0000
0000 0000 0000 0000 0000 0000 0000 0000
0000 0000 0000 0000 0000 0000 0000 0000
0000 0000 0000 0000 0000 0000 0000 0000
0000 0000 0000 0000 0000 0000 0000 0000
0000 0000 0000 0000 0000 0000 0000 0000
0000 0000 0000 0000 0000 0000 0000 0000
0000 0000 0000 0000 0000 0000 0000 0000
0000 0000 0000 0000 0000 0000 0000 0000
0000 0000 0000 0000 0000 0000 0000 0000
0000 0000 0000 0000 0000 0000 0000 0000
0000 0000 0000 0000 0000 0000 0000 0000
0000 0000 0000 0000 0000 0000 0000 0000
0000 0000 0000 0000 0000 0000 0000 0000
0000 0000 0000 0000 0000 0000 0000 0000
0000 0000 0000 0000 0000 0000 0000 0000
0000 0000 0000 0000 0000 0000 0000 0000
0000 0000 0000 0000 0000 0000 0000 0000
0000 0000 0000 0000 0000 0000 0000 0000
0000 0000 0000 0000 0000 0000 0000 0000
0000 0000 0000 0000 0000 0000 0000 0000
0000 0000 0000 0000 0000 0000 0000 0000
0000 0000 0000 0000 0000 0000 0000 0000
0000 0000 0000 0000 0000 0000 0000 0000
0000 0000 0000 0000 0000 0000 0000 0000
0000 0000 0000 0000 0000 0000 0000 0000
0000 0000 0000 0000 0000 0000 0000 0000
0000 0000 0000 0000 0000 0000 0000 0000
0000 0000 0000 0000 0000 0000 0000 0000
0000 0000 0000 0000 0000 0000 0000 0000
0000 0000 0000 0000 0000 0000 0000 0000
0000 0000 0000 0000 0000 0000 0000 0000
0000 0000 0000 0000 0000 0000 0000 0000
0000 0000 0000 0000 0000 0000 0000 0000
0000 0000 0000 0000 0000 0000 0000 0000
0000 0000 0000 0000 0000 0000 0000 0000
0000 0000 0000 0000 0000 0000 0000 0000
0000 0000 0000 0000 0000 0000 0000 0000
0000 0000 0000 0000 0000 0000 0000 0000
0000 0000 0000 0000 0000 0000 0000 0000
0000 0000 0000 0000 0000 0000 0000 0000
0000 0000 0000 0000 0000 0000 0000 0000
0000 0000 0000 0000 0000 0000 0000 0000
0000 0000 0000 0000 0000 0000 0000 0000
0000 0000 0000 0000 0000 0000 0000 0000
0000 0000 0000 0000 0000 0000 0000 0000
0000 0000 0000 0000 0000 0000 0000 0000
0000 0000 0000 0000 0000 0000 0000 0000
0000 0000 0000 0000 0000 0000 0000 0000
0000 0000 0000 0000 0000 0000 0000 0000
0000 0000 0000 0000 0000 0000 0000 0000
0000 0000 0000 0000 0000 0000 0000 0000
0000 0000 0000 0000 0000 0000 0000 0000
0000 0000 0000 0000 0000 0000 0000 0000
0000 0000 0000 0000 0000 0000 0000 0000
0000 0000 0000 0000 0000 0000 0000 0000
0000 0000 0000 0000 0000 0000 0000 0000
0000 0000 0000 0000 0000 0000 0000 0000
0000 0000 0000 0000 0000 0000 0000 0000
0000 0000 0000 0000 0000 0000 0000 0000
0000 0000 0000 0000 0000 0000 0000 0000
0000 0000 0000 0000 0000 0000 0000 0000
0000 0000 0000 0000 0000 0000 0000 0000
0000 0000 0000 0000 0000 0000 0000 0000
0000 0000 0000 0000 0000 0000 0000 0000
0000 0000 0000 0000 0000 0000 0000 0000
0000 0000 0000 0000 0000 0000 0000 0000
0000 0000 0000 0000 0000 0000 0000 0000
0000 0000 0000 0000 0000 0000 0000 0000
0000 0000 0000 0000 0000 0000 0000 0000
0000 0000 0000 0000 0000 0000 0000 0000
0000 0000 0000 0000 0000 0000 0000 0000
0000 0000 0000 0000 0000 0000 0000 0000
0000 0000 0000 0000 0000 0000 0000 0000
0100 0200 0000 0000 456e 7465 7220 7468
6520 696e 7075 7420 7374 7269 6e67 3a20
0025 7300 0000 0000 496e 7075 7420 6973
2076 616c 6964 2061 6363 6f72 6469 6e67
2074 6f20 7468 6520 6772 616d 6d61 722e
0000 0000 0000 0000 496e 7075 7420 6973
204e 4f54 2076 616c 6964 2061 6363 6f72
6469 6e67 2074 6f20 7468 6520 6772 616d
6d61 722e 0000 0000 011b 033b 6400 0000
0b00 0000 98ef ffff 9800 0000 e8ef ffff
c000 0000 f8ef ffff d800 0000 38f0 ffff
8000 0000 21f1 ffff f000 0000 50f1 ffff
1001 0000 66f1 ffff 3001 0000 a9f1 ffff
5001 0000 6af2 ffff 7001 0000 9af2 ffff
9001 0000 caf2 ffff b001 0000 0000 0000
1400 0000 0000 0000 017a 5200 0178 1001
1b0c 0708 9001 0000 1400 0000 1c00 0000
b0ef ffff 2600 0000 0044 0710 0000 0000
2400 0000 3400 0000 f8ee ffff 5000 0000
000e 1046 0e18 4a0f 0b77 0880 003f 1a3a
2a33 2422 0000 0000 1400 0000 5c00 0000
20ef ffff 1000 0000 0000 0000 0000 0000
1400 0000 7400 0000 18ef ffff 4000 0000
0000 0000 0000 0000 1c00 0000 8c00 0000
29f0 ffff 2f00 0000 0045 0e10 8602 430d
0666 0c07 0800 0000 1c00 0000 ac00 0000
38f0 ffff 1600 0000 0045 0e10 8602 430d
064d 0c07 0800 0000 1c00 0000 cc00 0000
2ef0 ffff 4300 0000 0045 0e10 8602 430d
067a 0c07 0800 0000 1c00 0000 ec00 0000
51f0 ffff c100 0000 0045 0e10 8602 430d
0602 b80c 0708 0000 1c00 0000 0c01 0000
f2f0 ffff 3000 0000 0045 0e10 8602 430d
0667 0c07 0800 0000 1c00 0000 2c01 0000
02f1 ffff 3000 0000 0045 0e10 8602 430d
0667 0c07 0800 0000 1c00 0000 4c01 0000
12f1 ffff ab00 0000 0045 0e10 8602 430d
0602 a20c 0708 0000 0000 0000 0000 0000
0000 0000 0000 0000 0000 0000 0000 0000
0000 0000 0000 0000 0000 0000 0000 0000
0000 0000 0000 0000 0000 0000 0000 0000
0000 0000 0000 0000 0000 0000 0000 0000
0000 0000 0000 0000 0000 0000 0000 0000
0000 0000 0000 0000 0000 0000 0000 0000
0000 0000 0000 0000 0000 0000 0000 0000
0000 0000 0000 0000 0000 0000 0000 0000
0000 0000 0000 0000 0000 0000 0000 0000
0000 0000 0000 0000 0000 0000 0000 0000
0000 0000 0000 0000 0000 0000 0000 0000
0000 0000 0000 0000 0000 0000 0000 0000
0000 0000 0000 0000 0000 0000 0000 0000
0000 0000 0000 0000 0000 0000 0000 0000
0000 0000 0000 0000 0000 0000 0000 0000
0000 0000 0000 0000 0000 0000 0000 0000
0000 0000 0000 0000 0000 0000 0000 0000
0000 0000 0000 0000 0000 0000 0000 0000
0000 0000 0000 0000 0000 0000 0000 0000
0000 0000 0000 0000 0000 0000 0000 0000
0000 0000 0000 0000 0000 0000 0000 0000
0000 0000 0000 0000 0000 0000 0000 0000
0000 0000 0000 0000 0000 0000 0000 0000
0000 0000 0000 0000 0000 0000 0000 0000
0000 0000 0000 0000 0000 0000 0000 0000
0000 0000 0000 0000 0000 0000 0000 0000
0000 0000 0000 0000 0000 0000 0000 0000
0000 0000 0000 0000 0000 0000 0000 0000
0000 0000 0000 0000 0000 0000 0000 0000
0000 0000 0000 0000 0000 0000 0000 0000
0000 0000 0000 0000 0000 0000 0000 0000
0000 0000 0000 0000 0000 0000 0000 0000
0000 0000 0000 0000 0000 0000 0000 0000
0000 0000 0000 0000 0000 0000 0000 0000
0000 0000 0000 0000 0000 0000 0000 0000
0000 0000 0000 0000 0000 0000 0000 0000
0000 0000 0000 0000 0000 0000 0000 0000
0000 0000 0000 0000 0000 0000 0000 0000
0000 0000 0000 0000 0000 0000 0000 0000
0000 0000 0000 0000 0000 0000 0000 0000
0000 0000 0000 0000 0000 0000 0000 0000
0000 0000 0000 0000 0000 0000 0000 0000
0000 0000 0000 0000 0000 0000 0000 0000
0000 0000 0000 0000 0000 0000 0000 0000
0000 0000 0000 0000 0000 0000 0000 0000
0000 0000 0000 0000 0000 0000 0000 0000
0000 0000 0000 0000 0000 0000 0000 0000
0000 0000 0000 0000 0000 0000 0000 0000
0000 0000 0000 0000 0000 0000 0000 0000
0000 0000 0000 0000 0000 0000 0000 0000
0000 0000 0000 0000 0000 0000 0000 0000
0000 0000 0000 0000 0000 0000 0000 0000
0000 0000 0000 0000 0000 0000 0000 0000
0000 0000 0000 0000 0000 0000 0000 0000
0000 0000 0000 0000 0000 0000 0000 0000
0000 0000 0000 0000 0000 0000 0000 0000
0000 0000 0000 0000 0000 0000 0000 0000
0000 0000 0000 0000 0000 0000 0000 0000
0000 0000 0000 0000 0000 0000 0000 0000
0000 0000 0000 0000 0000 0000 0000 0000
0000 0000 0000 0000 0000 0000 0000 0000
0000 0000 0000 0000 0000 0000 0000 0000
0000 0000 0000 0000 0000 0000 0000 0000
0000 0000 0000 0000 0000 0000 0000 0000
0000 0000 0000 0000 0000 0000 0000 0000
0000 0000 0000 0000 0000 0000 0000 0000
0000 0000 0000 0000 0000 0000 0000 0000
0000 0000 0000 0000 0000 0000 0000 0000
0000 0000 0000 0000 0000 0000 0000 0000
0000 0000 0000 0000 0000 0000 0000 0000
0000 0000 0000 0000 0000 0000 0000 0000
0000 0000 0000 0000 0000 0000 0000 0000
0000 0000 0000 0000 0000 0000 0000 0000
0000 0000 0000 0000 0000 0000 0000 0000
0000 0000 0000 0000 0000 0000 0000 0000
0000 0000 0000 0000 0000 0000 0000 0000
0000 0000 0000 0000 0000 0000 0000 0000
0000 0000 0000 0000 0000 0000 0000 0000
0000 0000 0000 0000 0000 0000 0000 0000
0000 0000 0000 0000 0000 0000 0000 0000
0000 0000 0000 0000 0000 0000 0000 0000
0000 0000 0000 0000 0000 0000 0000 0000
0000 0000 0000 0000 0000 0000 0000 0000
0000 0000 0000 0000 0000 0000 0000 0000
0000 0000 0000 0000 0000 0000 0000 0000
0000 0000 0000 0000 0000 0000 0000 0000
0000 0000 0000 0000 0000 0000 0000 0000
0000 0000 0000 0000 0000 0000 0000 0000
0000 0000 0000 0000 0000 0000 0000 0000
0000 0000 0000 0000 0000 0000 0000 0000
0000 0000 0000 0000 0000 0000 0000 0000
0000 0000 0000 0000 0000 0000 0000 0000
0000 0000 0000 0000 0000 0000 0000 0000
0000 0000 0000 0000 0000 0000 0000 0000
0000 0000 0000 0000 0000 0000 0000 0000
0000 0000 0000 0000 0000 0000 0000 0000
0000 0000 0000 0000 0000 0000 0000 0000
0000 0000 0000 0000 0000 0000 0000 0000
0000 0000 0000 0000 0000 0000 0000 0000
0000 0000 0000 0000 0000 0000 0000 0000
0000 0000 0000 0000 0000 0000 0000 0000
0000 0000 0000 0000 0000 0000 0000 0000
0000 0000 0000 0000 0000 0000 0000 0000
0000 0000 0000 0000 0000 0000 0000 0000
0000 0000 0000 0000 0000 0000 0000 0000
0000 0000 0000 0000 0000 0000 0000 0000
0000 0000 0000 0000 0000 0000 0000 0000
0000 0000 0000 0000 0000 0000 0000 0000
0000 0000 0000 0000 0000 0000 0000 0000
0000 0000 0000 0000 0000 0000 0000 0000
0000 0000 0000 0000 0000 0000 0000 0000
0000 0000 0000 0000 0000 0000 0000 0000
0000 0000 0000 0000 0000 0000 0000 0000
0000 0000 0000 0000 0000 0000 0000 0000
0000 0000 0000 0000 0000 0000 0000 0000
0000 0000 0000 0000 0000 0000 0000 0000
0000 0000 0000 0000 0000 0000 0000 0000
0000 0000 0000 0000 0000 0000 0000 0000
0000 0000 0000 0000 0000 0000 0000 0000
0000 0000 0000 0000 0000 0000 0000 0000
0000 0000 0000 0000 0000 0000 0000 0000
0000 0000 0000 0000 0000 0000 0000 0000
0000 0000 0000 0000 0000 0000 0000 0000
0000 0000 0000 0000 0000 0000 0000 0000
0000 0000 0000 0000 0000 0000 0000 0000
0000 0000 0000 0000 0000 0000 0000 0000
0000 0000 0000 0000 0000 0000 0000 0000
0000 0000 0000 0000 0000 0000 0000 0000
0000 0000 0000 0000 0000 0000 0000 0000
0000 0000 0000 0000 0000 0000 0000 0000
0000 0000 0000 0000 0000 0000 0000 0000
0000 0000 0000 0000 0000 0000 0000 0000
0000 0000 0000 0000 0000 0000 0000 0000
0000 0000 0000 0000 0000 0000 0000 0000
0000 0000 0000 0000 0000 0000 0000 0000
0000 0000 0000 0000 0000 0000 0000 0000
0000 0000 0000 0000 0000 0000 0000 0000
0000 0000 0000 0000 0000 0000 0000 0000
0000 0000 0000 0000 0000 0000 0000 0000
0000 0000 0000 0000 0000 0000 0000 0000
0000 0000 0000 0000 0000 0000 0000 0000
0000 0000 0000 0000 0000 0000 0000 0000
0000 0000 0000 0000 0000 0000 0000 0000
0000 0000 0000 0000 0000 0000 0000 0000
0000 0000 0000 0000 0000 0000 0000 0000
0000 0000 0000 0000 0000 0000 0000 0000
0000 0000 0000 0000 0000 0000 0000 0000
0000 0000 0000 0000 0000 0000 0000 0000
0000 0000 0000 0000 0000 0000 0000 0000
0000 0000 0000 0000 0000 0000 0000 0000
0000 0000 0000 0000 0000 0000 0000 0000
0000 0000 0000 0000 0000 0000 0000 0000
0000 0000 0000 0000 0000 0000 0000 0000
0000 0000 0000 0000 0000 0000 0000 0000
0000 0000 0000 0000 0000 0000 0000 0000
0000 0000 0000 0000 0000 0000 0000 0000
0000 0000 0000 0000 0000 0000 0000 0000
0000 0000 0000 0000 0000 0000 0000 0000
0000 0000 0000 0000 0000 0000 0000 0000
0000 0000 0000 0000 0000 0000 0000 0000
0000 0000 0000 0000 0000 0000 0000 0000
0000 0000 0000 0000 0000 0000 0000 0000
0000 0000 0000 0000 0000 0000 0000 0000
0000 0000 0000 0000 0000 0000 0000 0000
0000 0000 0000 0000 0000 0000 0000 0000
0000 0000 0000 0000 0000 0000 0000 0000
0000 0000 0000 0000 0000 0000 0000 0000
0000 0000 0000 0000 0000 0000 0000 0000
0000 0000 0000 0000 0000 0000 0000 0000
0000 0000 0000 0000 0000 0000 0000 0000
0000 0000 0000 0000 0000 0000 0000 0000
0000 0000 0000 0000 0000 0000 0000 0000
0000 0000 0000 0000 0000 0000 0000 0000
0000 0000 0000 0000 0000 0000 0000 0000
0000 0000 0000 0000 0000 0000 0000 0000
0000 0000 0000 0000 0000 0000 0000 0000
0000 0000 0000 0000 0000 0000 0000 0000
0000 0000 0000 0000 0000 0000 0000 0000
0000 0000 0000 0000 0000 0000 0000 0000
0000 0000 0000 0000 0000 0000 0000 0000
a011 0000 0000 0000 6011 0000 0000 0000
0100 0000 0000 0000 4400 0000 0000 0000
0c00 0000 0000 0000 0010 0000 0000 0000
0d00 0000 0000 0000 0014 0000 0000 0000
1900 0000 0000 0000 a03d 0000 0000 0000
1b00 0000 0000 0000 0800 0000 0000 0000
1a00 0000 0000 0000 a83d 0000 0000 0000
1c00 0000 0000 0000 0800 0000 0000 0000
f5fe ff6f 0000 0000 b003 0000 0000 0000
0500 0000 0000 0000 c804 0000 0000 0000
0600 0000 0000 0000 d803 0000 0000 0000
0a00 0000 0000 0000 b400 0000 0000 0000
0b00 0000 0000 0000 1800 0000 0000 0000
1500 0000 0000 0000 0000 0000 0000 0000
0300 0000 0000 0000 a03f 0000 0000 0000
0200 0000 0000 0000 6000 0000 0000 0000
1400 0000 0000 0000 0700 0000 0000 0000
1700 0000 0000 0000 9006 0000 0000 0000
0700 0000 0000 0000 d005 0000 0000 0000
0800 0000 0000 0000 c000 0000 0000 0000
0900 0000 0000 0000 1800 0000 0000 0000
1e00 0000 0000 0000 0800 0000 0000 0000
fbff ff6f 0000 0000 0100 0008 0000 0000
feff ff6f 0000 0000 9005 0000 0000 0000
ffff ff6f 0000 0000 0100 0000 0000 0000
f0ff ff6f 0000 0000 7c05 0000 0000 0000
f9ff ff6f 0000 0000 0300 0000 0000 0000
0000 0000 0000 0000 0000 0000 0000 0000
0000 0000 0000 0000 0000 0000 0000 0000
0000 0000 0000 0000 0000 0000 0000 0000
0000 0000 0000 0000 0000 0000 0000 0000
0000 0000 0000 0000 0000 0000 0000 0000
b03d 0000 0000 0000 0000 0000 0000 0000
0000 0000 0000 0000 3010 0000 0000 0000
4010 0000 0000 0000 5010 0000 0000 0000
6010 0000 0000 0000 0000 0000 0000 0000
0000 0000 0000 0000 0000 0000 0000 0000
0000 0000 0000 0000 0000 0000 0000 0000
0000 0000 0000 0000 0840 0000 0000 0000
4743 433a 2028 5562 756e 7475 2031 312e
342e 302d 3175 6275 6e74 7531 7e32 322e
3034 2920 3131 2e34 2e30 0000 0000 0000
0000 0000 0000 0000 0000 0000 0000 0000
0000 0000 0000 0000 0100 0000 0400 f1ff
0000 0000 0000 0000 0000 0000 0000 0000
0900 0000 0100 0400 8c03 0000 0000 0000
2000 0000 0000 0000 1300 0000 0400 f1ff
0000 0000 0000 0000 0000 0000 0000 0000
1e00 0000 0200 1000 f010 0000 0000 0000
0000 0000 0000 0000 2000 0000 0200 1000
2011 0000 0000 0000 0000 0000 0000 0000
3300 0000 0200 1000 6011 0000 0000 0000
0000 0000 0000 0000 4900 0000 0100 1a00
1040 0000 0000 0000 0100 0000 0000 0000
5500 0000 0100 1600 a83d 0000 0000 0000
0000 0000 0000 0000 7c00 0000 0200 1000
a011 0000 0000 0000 0000 0000 0000 0000
8800 0000 0100 1500 a03d 0000 0000 0000
0000 0000 0000 0000 a700 0000 0400 f1ff
0000 0000 0000 0000 0000 0000 0000 0000
1300 0000 0400 f1ff 0000 0000 0000 0000
0000 0000 0000 0000 ac00 0000 0100 1400
5822 0000 0000 0000 0000 0000 0000 0000
0000 0000 0400 f1ff 0000 0000 0000 0000
0000 0000 0000 0000 ba00 0000 0100 1700
b03d 0000 0000 0000 0000 0000 0000 0000
c300 0000 0000 1300 8820 0000 0000 0000
0000 0000 0000 0000 d600 0000 0100 1800
a03f 0000 0000 0000 0000 0000 0000 0000
ec00 0000 1200 1000 ee11 0000 0000 0000
4300 0000 0000 0000 f300 0000 1200 1000
3112 0000 0000 0000 c100 0000 0000 0000
fa00 0000 1100 1a00 2040 0000 0000 0000
0100 0000 0000 0000 0601 0000 1100 1a00
1840 0000 0000 0000 0800 0000 0000 0000
0c01 0000 1200 0000 0000 0000 0000 0000
0000 0000 0000 0000 2901 0000 2000 0000
0000 0000 0000 0000 0000 0000 0000 0000
8701 0000 2000 1900 0040 0000 0000 0000
0000 0000 0000 0000 4501 0000 1200 0000
0000 0000 0000 0000 0000 0000 0000 0000
5601 0000 1000 1900 1040 0000 0000 0000
0000 0000 0000 0000 5d01 0000 1202 1100
0014 0000 0000 0000 0000 0000 0000 0000
6301 0000 1200 0000 0000 0000 0000 0000
0000 0000 0000 0000 7601 0000 1100 1a00
2440 0000 0000 0000 0400 0000 0000 0000
7f01 0000 1200 1000 d811 0000 0000 0000
1600 0000 0000 0000 8501 0000 1000 1900
0040 0000 0000 0000 0000 0000 0000 0000
9201 0000 2000 0000 0000 0000 0000 0000
0000 0000 0000 0000 a101 0000 1102 1900
0840 0000 0000 0000 0000 0000 0000 0000
ae01 0000 1200 1000 f212 0000 0000 0000
3000 0000 0000 0000 b501 0000 1100 1200
0020 0000 0000 0000 0400 0000 0000 0000
c401 0000 1200 1000 a911 0000 0000 0000
2f00 0000 0000 0000 cc01 0000 1200 0000
0000 0000 0000 0000 0000 0000 0000 0000
df01 0000 1000 1a00 2840 0000 0000 0000
0000 0000 0000 0000 8b01 0000 1200 1000
c010 0000 0000 0000 2600 0000 0000 0000
e401 0000 1000 1a00 1040 0000 0000 0000
0000 0000 0000 0000 f001 0000 1200 1000
5213 0000 0000 0000 ab00 0000 0000 0000
f501 0000 1200 0000 0000 0000 0000 0000
0000 0000 0000 0000 0e02 0000 1102 1900
1040 0000 0000 0000 0000 0000 0000 0000
1a02 0000 2000 0000 0000 0000 0000 0000
0000 0000 0000 0000 3402 0000 2200 0000
0000 0000 0000 0000 0000 0000 0000 0000
4f02 0000 1202 0c00 0010 0000 0000 0000
0000 0000 0000 0000 5502 0000 1200 1000
2213 0000 0000 0000 3000 0000 0000 0000
0053 6372 7431 2e6f 005f 5f61 6269 5f74
6167 0063 7274 7374 7566 662e 6300 6465
7265 6769 7374 6572 5f74 6d5f 636c 6f6e
6573 005f 5f64 6f5f 676c 6f62 616c 5f64
746f 7273 5f61 7578 0063 6f6d 706c 6574
6564 2e30 005f 5f64 6f5f 676c 6f62 616c
5f64 746f 7273 5f61 7578 5f66 696e 695f
6172 7261 795f 656e 7472 7900 6672 616d
655f 6475 6d6d 7900 5f5f 6672 616d 655f
6475 6d6d 795f 696e 6974 5f61 7272 6179
5f65 6e74 7279 0070 322e 6300 5f5f 4652
414d 455f 454e 445f 5f00 5f44 594e 414d
4943 005f 5f47 4e55 5f45 485f 4652 414d
455f 4844 5200 5f47 4c4f 4241 4c5f 4f46
4653 4554 5f54 4142 4c45 5f00 7061 7273
6553 0070 6172 7365 5500 6375 7272 656e
7443 6861 7200 696e 7075 7400 5f5f 6c69
6263 5f73 7461 7274 5f6d 6169 6e40 474c
4942 435f 322e 3334 005f 4954 4d5f 6465
7265 6769 7374 6572 544d 436c 6f6e 6554
6162 6c65 0070 7574 7340 474c 4942 435f
322e 322e 3500 5f65 6461 7461 005f 6669
6e69 0070 7269 6e74 6640 474c 4942 435f
322e 322e 3500 706f 7369 7469 6f6e 0069
7345 6e64 005f 5f64 6174 615f 7374 6172
7400 5f5f 676d 6f6e 5f73 7461 7274 5f5f
005f 5f64 736f 5f68 616e 646c 6500 7061
7273 6556 005f 494f 5f73 7464 696e 5f75
7365 6400 6164 7661 6e63 6500 6d61 6c6c
6f63 4047 4c49 4243 5f32 2e32 2e35 005f
656e 6400 5f5f 6273 735f 7374 6172 7400
6d61 696e 005f 5f69 736f 6339 395f 7363
616e 6640 474c 4942 435f 322e 3700 5f5f
544d 435f 454e 445f 5f00 5f49 544d 5f72
6567 6973 7465 7254 4d43 6c6f 6e65 5461
626c 6500 5f5f 6378 615f 6669 6e61 6c69
7a65 4047 4c49 4243 5f32 2e32 2e35 005f
696e 6974 0070 6172 7365 5700 002e 7379
6d74 6162 002e 7374 7274 6162 002e 7368
7374 7274 6162 002e 696e 7465 7270 002e
6e6f 7465 2e67 6e75 2e70 726f 7065 7274
7900 2e6e 6f74 652e 676e 752e 6275 696c
642d 6964 002e 6e6f 7465 2e41 4249 2d74
6167 002e 676e 752e 6861 7368 002e 6479
6e73 796d 002e 6479 6e73 7472 002e 676e
752e 7665 7273 696f 6e00 2e67 6e75 2e76
6572 7369 6f6e 5f72 002e 7265 6c61 2e64
796e 002e 7265 6c61 2e70 6c74 002e 696e
6974 002e 706c 742e 676f 7400 2e70 6c74
2e73 6563 002e 7465 7874 002e 6669 6e69
002e 726f 6461 7461 002e 6568 5f66 7261
6d65 5f68 6472 002e 6568 5f66 7261 6d65
002e 696e 6974 5f61 7272 6179 002e 6669
6e69 5f61 7272 6179 002e 6479 6e61 6d69
6300 2e64 6174 6100 2e62 7373 002e 636f
6d6d 656e 7400 0000 0000 0000 0000 0000
0000 0000 0000 0000 0000 0000 0000 0000
0000 0000 0000 0000 0000 0000 0000 0000
0000 0000 0000 0000 0000 0000 0000 0000
0000 0000 0000 0000 1b00 0000 0100 0000
0200 0000 0000 0000 1803 0000 0000 0000
1803 0000 0000 0000 1c00 0000 0000 0000
0000 0000 0000 0000 0100 0000 0000 0000
0000 0000 0000 0000 2300 0000 0700 0000
0200 0000 0000 0000 3803 0000 0000 0000
3803 0000 0000 0000 3000 0000 0000 0000
0000 0000 0000 0000 0800 0000 0000 0000
0000 0000 0000 0000 3600 0000 0700 0000
0200 0000 0000 0000 6803 0000 0000 0000
6803 0000 0000 0000 2400 0000 0000 0000
0000 0000 0000 0000 0400 0000 0000 0000
0000 0000 0000 0000 4900 0000 0700 0000
0200 0000 0000 0000 8c03 0000 0000 0000
8c03 0000 0000 0000 2000 0000 0000 0000
0000 0000 0000 0000 0400 0000 0000 0000
0000 0000 0000 0000 5700 0000 f6ff ff6f
0200 0000 0000 0000 b003 0000 0000 0000
b003 0000 0000 0000 2400 0000 0000 0000
0600 0000 0000 0000 0800 0000 0000 0000
0000 0000 0000 0000 6100 0000 0b00 0000
0200 0000 0000 0000 d803 0000 0000 0000
d803 0000 0000 0000 f000 0000 0000 0000
0700 0000 0100 0000 0800 0000 0000 0000
1800 0000 0000 0000 6900 0000 0300 0000
0200 0000 0000 0000 c804 0000 0000 0000
c804 0000 0000 0000 b400 0000 0000 0000
0000 0000 0000 0000 0100 0000 0000 0000
0000 0000 0000 0000 7100 0000 ffff ff6f
0200 0000 0000 0000 7c05 0000 0000 0000
7c05 0000 0000 0000 1400 0000 0000 0000
0600 0000 0000 0000 0200 0000 0000 0000
0200 0000 0000 0000 7e00 0000 feff ff6f
0200 0000 0000 0000 9005 0000 0000 0000
9005 0000 0000 0000 4000 0000 0000 0000
0700 0000 0100 0000 0800 0000 0000 0000
0000 0000 0000 0000 8d00 0000 0400 0000
0200 0000 0000 0000 d005 0000 0000 0000
d005 0000 0000 0000 c000 0000 0000 0000
0600 0000 0000 0000 0800 0000 0000 0000
1800 0000 0000 0000 9700 0000 0400 0000
4200 0000 0000 0000 9006 0000 0000 0000
9006 0000 0000 0000 6000 0000 0000 0000
0600 0000 1800 0000 0800 0000 0000 0000
1800 0000 0000 0000 a100 0000 0100 0000
0600 0000 0000 0000 0010 0000 0000 0000
0010 0000 0000 0000 1b00 0000 0000 0000
0000 0000 0000 0000 0400 0000 0000 0000
0000 0000 0000 0000 9c00 0000 0100 0000
0600 0000 0000 0000 2010 0000 0000 0000
2010 0000 0000 0000 5000 0000 0000 0000
0000 0000 0000 0000 1000 0000 0000 0000
1000 0000 0000 0000 a700 0000 0100 0000
0600 0000 0000 0000 7010 0000 0000 0000
7010 0000 0000 0000 1000 0000 0000 0000
0000 0000 0000 0000 1000 0000 0000 0000
1000 0000 0000 0000 b000 0000 0100 0000
0600 0000 0000 0000 8010 0000 0000 0000
8010 0000 0000 0000 4000 0000 0000 0000
0000 0000 0000 0000 1000 0000 0000 0000
1000 0000 0000 0000 b900 0000 0100 0000
0600 0000 0000 0000 c010 0000 0000 0000
c010 0000 0000 0000 3d03 0000 0000 0000
0000 0000 0000 0000 1000 0000 0000 0000
0000 0000 0000 0000 bf00 0000 0100 0000
0600 0000 0000 0000 0014 0000 0000 0000
0014 0000 0000 0000 0d00 0000 0000 0000
0000 0000 0000 0000 0400 0000 0000 0000
0000 0000 0000 0000 c500 0000 0100 0000
0200 0000 0000 0000 0020 0000 0000 0000
0020 0000 0000 0000 8500 0000 0000 0000
0000 0000 0000 0000 0800 0000 0000 0000
0000 0000 0000 0000 cd00 0000 0100 0000
0200 0000 0000 0000 8820 0000 0000 0000
8820 0000 0000 0000 6400 0000 0000 0000
0000 0000 0000 0000 0400 0000 0000 0000
0000 0000 0000 0000 db00 0000 0100 0000
0200 0000 0000 0000 f020 0000 0000 0000
f020 0000 0000 0000 6c01 0000 0000 0000
0000 0000 0000 0000 0800 0000 0000 0000
0000 0000 0000 0000 e500 0000 0e00 0000
0300 0000 0000 0000 a03d 0000 0000 0000
a02d 0000 0000 0000 0800 0000 0000 0000
0000 0000 0000 0000 0800 0000 0000 0000
0800 0000 0000 0000 f100 0000 0f00 0000
0300 0000 0000 0000 a83d 0000 0000 0000
a82d 0000 0000 0000 0800 0000 0000 0000
0000 0000 0000 0000 0800 0000 0000 0000
0800 0000 0000 0000 fd00 0000 0600 0000
0300 0000 0000 0000 b03d 0000 0000 0000
b02d 0000 0000 0000 f001 0000 0000 0000
0700 0000 0000 0000 0800 0000 0000 0000
1000 0000 0000 0000 ab00 0000 0100 0000
0300 0000 0000 0000 a03f 0000 0000 0000
a02f 0000 0000 0000 6000 0000 0000 0000
0000 0000 0000 0000 0800 0000 0000 0000
0800 0000 0000 0000 0601 0000 0100 0000
0300 0000 0000 0000 0040 0000 0000 0000
0030 0000 0000 0000 1000 0000 0000 0000
0000 0000 0000 0000 0800 0000 0000 0000
0000 0000 0000 0000 0c01 0000 0800 0000
0300 0000 0000 0000 1040 0000 0000 0000
1030 0000 0000 0000 1800 0000 0000 0000
0000 0000 0000 0000 0800 0000 0000 0000
0000 0000 0000 0000 1101 0000 0100 0000
3000 0000 0000 0000 0000 0000 0000 0000
1030 0000 0000 0000 2b00 0000 0000 0000
0000 0000 0000 0000 0100 0000 0000 0000
0100 0000 0000 0000 0100 0000 0200 0000
0000 0000 0000 0000 0000 0000 0000 0000
4030 0000 0000 0000 8004 0000 0000 0000
1d00 0000 1200 0000 0800 0000 0000 0000
1800 0000 0000 0000 0900 0000 0300 0000
0000 0000 0000 0000 0000 0000 0000 0000
c034 0000 0000 0000 5c02 0000 0000 0000
0000 0000 0000 0000 0100 0000 0000 0000
0000 0000 0000 0000 1100 0000 0300 0000
0000 0000 0000 0000 0000 0000 0000 0000
1c37 0000 0000 0000 1a01 0000 0000 0000
0000 0000 0000 0000 0100 0000 0000 0000
0000 0000 0000 0000 